1649837820728	geckodriver	INFO	Listening on 127.0.0.1:60318
1649837823819	mozrunner::runner	INFO	Running command: "C:\\Program Files\\Mozilla Firefox\\firefox.exe" "--marionette" "--remote-debugging-port" "60319" "-no-remote" "-profile" "C:\\Users\\user\\AppData\\Local\\Temp\\rust_mozprofileh0BSKi"
1649837824337	Marionette	INFO	Marionette enabled
console.warn: SearchSettings: "get: No settings file exists, new profile?" (new NotFoundError("Could not open the file at C:\\Users\\user\\AppData\\Local\\Temp\\rust_mozprofileh0BSKi\\search.json.mozlz4", (void 0)))
DevTools listening on ws://localhost:60319/devtools/browser/be9d7b7b-e3af-41d6-b61b-074f192ab1d2
1649837829789	Marionette	INFO	Listening on port 60328
1649837830597	RemoteAgent	WARN	TLS certificate errors will be ignored for this session
JavaScript error: https://ovh.raybiztech.com/js/bootstrap.min.js, line 6: Error: Bootstrap requires jQuery
JavaScript error: https://ovh.raybiztech.com/js/app.js, line 6: ReferenceError: $ is not defined
JavaScript error: https://ovh.raybiztech.com/lib/angular/angular.js, line 78: Error: [$injector:modulerr] Failed to instantiate module LoginModule due to:
[$injector:modulerr] Failed to instantiate module LocalStorageModule due to:
[$injector:nomod] Module 'LocalStorageModule' is not available! You either misspelled the module name or forgot to load it. If registering a module ensure that you specify the dependencies as the second argument.
http://errors.angularjs.org/1.2.14/$injector/nomod?p0=LocalStorageModule
minErr/<@https://ovh.raybiztech.com/lib/angular/angular.js:78:12
setupModuleLoader/</module/<@https://ovh.raybiztech.com/lib/angular/angular.js:1570:17
ensure@https://ovh.raybiztech.com/lib/angular/angular.js:1494:38
module@https://ovh.raybiztech.com/lib/angular/angular.js:1568:14
createInjector/loadModules/<@https://ovh.raybiztech.com/lib/angular/angular.js:3674:22
forEach@https://ovh.raybiztech.com/lib/angular/angular.js:322:11
loadModules@https://ovh.raybiztech.com/lib/angular/angular.js:3668:12
createInjector/loadModules/<@https://ovh.raybiztech.com/lib/angular/angular.js:3675:40
forEach@https://ovh.raybiztech.com/lib/angular/angular.js:322:11
loadModules@https://ovh.raybiztech.com/lib/angular/angular.js:3668:12
createInjector@https://ovh.raybiztech.com/lib/angular/angular.js:3608:11
doBootstrap@https://ovh.raybiztech.com/lib/angular/angular.js:1338:34
bootstrap@https://ovh.raybiztech.com/lib/angular/angular.js:1353:12
angularInit@https://ovh.raybiztech.com/lib/angular/angular.js:1301:14
@https://ovh.raybiztech.com/lib/angular/angular.js:21048:16
trigger@https://ovh.raybiztech.com/lib/angular/angular.js:2402:7
createEventHandler/eventHandler/<@https://ovh.raybiztech.com/lib/angular/angular.js:2673:10
forEach@https://ovh.raybiztech.com/lib/angular/angular.js:329:20
eventHandler@https://ovh.raybiztech.com/lib/angular/angular.js:2672:12

http://errors.angularjs.org/1.2.14/$injector/modulerr?p0=LocalStorageModule&p1=%5B%24injector%3Anomod%5D%20Module%20'LocalStorageModule'%20is%20not%20available!%20You%20either%20misspelled%20the%20module%20name%20or%20forgot%20to%20load%20it.%20If%20registering%20a%20module%20ensure%20that%20you%20specify%20the%20dependencies%20as%20the%20second%20argument.%0Ahttp%3A%2F%2Ferrors.angularjs.org%2F1.2.14%2F%24injector%2Fnomod%3Fp0%3DLocalStorageModule%0AminErr%2F%3C%40https%3A%2F%2Fovh.raybiztech.com%2Flib%2Fangular%2Fangular.js%3A78%3A12%0AsetupModuleLoader%2F%3C%2Fmodule%2F%3C%40https%3A%2F%2Fovh.raybiztech.com%2Flib%2Fangular%2Fangular.js%3A1570%3A17%0Aensure%40https%3A%2F%2Fovh.raybiztech.com%2Flib%2Fangular%2Fangular.js%3A1494%3A38%0Amodule%40https%3A%2F%2Fovh.raybiztech.com%2Flib%2Fangular%2Fangular.js%3A1568%3A14%0AcreateInjector%2FloadModules%2F%3C%40https%3A%2F%2Fovh.raybiztech.com%2Flib%2Fangular%2Fangular.js%3A3674%3A22%0AforEach%40https%3A%2F%2Fovh.raybiztech.com%2Flib%2Fangular%2Fangular.js%3A322%3A11%0AloadModules%40https%3A%2F%2Fovh.raybiztech.com%2Flib%2Fangular%2Fangular.js%3A3668%3A12%0AcreateInjector%2FloadModules%2F%3C%40https%3A%2F%2Fovh.raybiztech.com%2Flib%2Fangular%2Fangular.js%3A3675%3A40%0AforEach%40https%3A%2F%2Fovh.raybiztech.com%2Flib%2Fangular%2Fangular.js%3A322%3A11%0AloadModules%40https%3A%2F%2Fovh.raybiztech.com%2Flib%2Fangular%2Fangular.js%3A3668%3A12%0AcreateInjector%40https%3A%2F%2Fovh.raybiztech.com%2Flib%2Fangular%2Fangular.js%3A3608%3A11%0AdoBootstrap%40https%3A%2F%2Fovh.raybiztech.com%2Flib%2Fangular%2Fangular.js%3A1338%3A34%0Abootstrap%40https%3A%2F%2Fovh.raybiztech.com%2Flib%2Fangular%2Fangular.js%3A1353%3A12%0AangularInit%40https%3A%2F%2Fovh.raybiztech.com%2Flib%2Fangular%2Fangular.js%3A1301%3A14%0A%40https%3A%2F%2Fovh.raybiztech.com%2Flib%2Fangular%2Fangular.js%3A21048%3A16%0Atrigger%40https%3A%2F%2Fovh.raybiztech.com%2Flib%2Fangular%2Fangular.js%3A2402%3A7%0AcreateEventHandler%2FeventHandler%2F%3C%40https%3A%2F%2Fovh.raybiztech.com%2Flib%2Fangular%2Fangular.js%3A2673%3A10%0AforEach%40https%3A%2F%2Fovh.raybiztech.com%2Flib%2Fangular%2Fangular.js%3A329%3A20%0AeventHandler%40https%3A%2F%2Fovh.raybiztech.com%2Flib%2Fangular%2Fangular.js%3A2672%3A12%0A
minErr/<@https://ovh.raybiztech.com/lib/angular/angular.js:78:12
createInjector/loadModules/<@https://ovh.raybiztech.com/lib/angular/angular.js:3702:15
forEach@https://ovh.raybiztech.com/lib/angular/angular.js:322:11
loadModules@https://ovh.raybiztech.com/lib/angular/angular.js:3668:12
createInjector/loadModules/<@https://ovh.raybiztech.com/lib/angular/angular.js:3675:40
forEach@https://ovh.raybiztech.com/lib/angular/angular.js:322:11
loadModules@https://ovh.raybiztech.com/lib/angular/angular.js:3668:12
createInjector@https://ovh.raybiztech.com/lib/angular/angular.js:3608:11
doBootstrap@https://ovh.raybiztech.com/lib/angular/angular.js:1338:34
bootstrap@https://ovh.raybiztech.com/lib/angular/angular.js:1353:12
angularInit@https://ovh.raybiztech.com/lib/angular/angular.js:1301:14
@https://ovh.raybiztech.com/lib/angular/angular.js:21048:16
trigger@https://ovh.raybiztech.com/lib/angular/angular.js:2402:7
createEventHandler/eventHandler/<@https://ovh.raybiztech.com/lib/angular/angular.js:2673:10
forEach@https://ovh.raybiztech.com/lib/angular/angular.js:329:20
eventHandler@https://ovh.raybiztech.com/lib/angular/angular.js:2672:12

http://errors.angularjs.org/1.2.14/$injector/modulerr?p0=LoginModule&p1=%5B%24injector%3Amodulerr%5D%20Failed%20to%20instantiate%20module%20LocalStorageModule%20due%20to%3A%0A%5B%24injector%3Anomod%5D%20Module%20'LocalStorageModule'%20is%20not%20available!%20You%20either%20misspelled%20the%20module%20name%20or%20forgot%20to%20load%20it.%20If%20registering%20a%20module%20ensure%20that%20you%20specify%20the%20dependencies%20as%20the%20second%20argument.%0Ahttp%3A%2F%2Ferrors.angularjs.org%2F1.2.14%2F%24injector%2Fnomod%3Fp0%3DLocalStorageModule%0AminErr%2F%3C%40https%3A%2F%2Fovh.raybiztech.com%2Flib%2Fangular%2Fangular.js%3A78%3A12%0AsetupModuleLoader%2F%3C%2Fmodule%2F%3C%40https%3A%2F%2Fovh.raybiztech.com%2Flib%2Fangular%2Fangular.js%3A1570%3A17%0Aensure%40https%3A%2F%2Fovh.raybiztech.com%2Flib%2Fangular%2Fangular.js%3A1494%3A38%0Amodule%40https%3A%2F%2Fovh.raybiztech.com%2Flib%2Fangular%2Fangular.js%3A1568%3A14%0AcreateInjector%2FloadModules%2F%3C%40https%3A%2F%2Fovh.raybiztech.com%2Flib%2Fangular%2Fangular.js%3A3674%3A22%0AforEach%40https%3A%2F%2Fovh.raybiztech.com%2Flib%2Fangular%2Fangular.js%3A322%3A11%0AloadModules%40https%3A%2F%2Fovh.raybiztech.com%2Flib%2Fangular%2Fangular.js%3A3668%3A12%0AcreateInjector%2FloadModules%2F%3C%40https%3A%2F%2Fovh.raybiztech.com%2Flib%2Fangular%2Fangular.js%3A3675%3A40%0AforEach%40https%3A%2F%2Fovh.raybiztech.com%2Flib%2Fangular%2Fangular.js%3A322%3A11%0AloadModules%40https%3A%2F%2Fovh.raybiztech.com%2Flib%2Fangular%2Fangular.js%3A3668%3A12%0AcreateInjector%40https%3A%2F%2Fovh.raybiztech.com%2Flib%2Fangular%2Fangular.js%3A3608%3A11%0AdoBootstrap%40https%3A%2F%2Fovh.raybiztech.com%2Flib%2Fangular%2Fangular.js%3A1338%3A34%0Abootstrap%40https%3A%2F%2Fovh.raybiztech.com%2Flib%2Fangular%2Fangular.js%3A1353%3A12%0AangularInit%40https%3A%2F%2Fovh.raybiztech.com%2Flib%2Fangular%2Fangular.js%3A1301%3A14%0A%40https%3A%2F%2Fovh.raybiztech.com%2Flib%2Fangular%2Fangular.js%3A21048%3A16%0Atrigger%40https%3A%2F%2Fovh.raybiztech.com%2Flib%2Fangular%2Fangular.js%3A2402%3A7%0AcreateEventHandler%2FeventHandler%2F%3C%40https%3A%2F%2Fovh.raybiztech.com%2Flib%2Fangular%2Fangular.js%3A2673%3A10%0AforEach%40https%3A%2F%2Fovh.raybiztech.com%2Flib%2Fangular%2Fangular.js%3A329%3A20%0AeventHandler%40https%3A%2F%2Fovh.raybiztech.com%2Flib%2Fangular%2Fangular.js%3A2672%3A12%0A%0Ahttp%3A%2F%2Ferrors.angularjs.org%2F1.2.14%2F%24injector%2Fmodulerr%3Fp0%3DLocalStorageModule%26p1%3D%255B%2524injector%253Anomod%255D%2520Module%2520'LocalStorageModule'%2520is%2520not%2520available!%2520You%2520either%2520misspelled%2520the%2520module%2520name%2520or%2520forgot%2520to%2520load%2520it.%2520If%2520registering%2520a%2520module%2520ensure%2520that%2520you%2520specify%2520the%2520dependencies%2520as%2520the%2520second%2520argument.%250Ahttp%253A%252F%252Ferrors.angularjs.org%252F1.2.14%252F%2524injector%252Fnomod%253Fp0%253DLocalStorageModule%250AminErr%252F%253C%2540https%253A%252F%252Fovh.raybiztech.com%252Flib%252Fangular%252Fangular.js%253A78%253A12%250AsetupModuleLoader%252F%253C%252Fmodule%252F%253C%2540https%253A%252F%252Fovh.raybiztech.com%252Flib%252Fangular%252Fangular.js%253A1570%253A17%250Aensure%2540https%253A%252F%252Fovh.raybiztech.com%252Flib%252Fangular%252Fangular.js%253A1494%253A38%250Amodule%2540https%253A%252F%252Fovh.raybiztech.com%252Flib%252Fangular%252Fangular.js%253A1568%253A14%250AcreateInjector%252FloadModules%252F%253C%2540https%253A%252F%252Fovh.raybiztech.com%252Flib%252Fangular%252Fangular.js%253A3674%253A22%250AforEach%2540https%253A%252F%252Fovh.raybiztech.com%252Flib%252Fangular%252Fangular.js%253A322%253A11%250AloadModules%2540https%253A%252F%252Fovh.raybiztech.com%252Flib%252Fangular%252Fangular.js%253A3668%253A12%250AcreateInjector%252FloadModules%252F%253C%2540https%253A%252F%252Fovh.raybiztech.com%252Flib%252Fangular%252Fangular.js%253A3675%253A40%250AforEach%2540https%253A%252F%252Fovh.raybiztech.com%252Flib%252Fangular%252Fangular.js%253A322%253A11%250AloadModules%2540https%253A%252F%252Fovh.raybiztech.com%252Flib%252Fangular%252Fangular.js%253A3668%253A12%250AcreateInjector%2540https%253A%252F%252Fovh.raybiztech.com%252Flib%252Fangular%252Fangular.js%253A3608%253A11%250AdoBootstrap%2540https%253A%252F%252Fovh.raybiztech.com%252Flib%252Fangular%252Fangular.js%253A1338%253A34%250Abootstrap%2540https%253A%252F%252Fovh.raybiztech.com%252Flib%252Fangular%252Fangular.js%253A1353%253A12%250AangularInit%2540https%253A%252F%252Fovh.raybiztech.com%252Flib%252Fangular%252Fangular.js%253A1301%253A14%250A%2540https%253A%252F%252Fovh.raybiztech.com%252Flib%252Fangular%252Fangular.js%253A21048%253A16%250Atrigger%2540https%253A%252F%252Fovh.raybiztech.com%252Flib%252Fangular%252Fangular.js%253A2402%253A7%250AcreateEventHandler%252FeventHandler%252F%253C%2540https%253A%252F%252Fovh.raybiztech.com%252Flib%252Fangular%252Fangular.js%253A2673%253A10%250AforEach%2540https%253A%252F%252Fovh.raybiztech.com%252Flib%252Fangular%252Fangular.js%253A329%253A20%250AeventHandler%2540https%253A%252F%252Fovh.raybiztech.com%252Flib%252Fangular%252Fangular.js%253A2672%253A12%250A%0AminErr%2F%3C%40https%3A%2F%2Fovh.raybiztech.com%2Flib%2Fangular%2Fangular.js%3A78%3A12%0AcreateInjector%2FloadModules%2F%3C%40https%3A%2F%2Fovh.raybiztech.com%2Flib%2Fangular%2Fangular.js%3A3702%3A15%0AforEach%40https%3A%2F%2Fovh.raybiztech.com%2Flib%2Fangular%2Fangular.js%3A322%3A11%0AloadModules%40https%3A%2F%2Fovh.raybiztech.com%2Flib%2Fangular%2Fangular.js%3A3668%3A12%0AcreateInjector%2FloadModules%2F%3C%40https%3A%2F%2Fovh.raybiztech.com%2Flib%2Fangular%2Fangular.js%3A3675%3A40%0AforEach%40https%3A%2F%2Fovh.raybiztech.com%2Flib%2Fangular%2Fangular.js%3A322%3A11%0AloadModules%40https%3A%2F%2Fovh.raybiztech.com%2Flib%2Fangular%2Fangular.js%3A3668%3A12%0AcreateInjector%40https%3A%2F%2Fovh.raybiztech.com%2Flib%2Fangular%2Fangular.js%3A3608%3A11%0AdoBootstrap%40https%3A%2F%2Fovh.raybiztech.com%2Flib%2Fangular%2Fangular.js%3A1338%3A34%0Abootstrap%40https%3A%2F%2Fovh.raybiztech.com%2Flib%2Fangular%2Fangular.js%3A1353%3A12%0AangularInit%40https%3A%2F%2Fovh.raybiztech.com%2Flib%2Fangular%2Fangular.js%3A1301%3A14%0A%40https%3A%2F%2Fovh.raybiztech.com%2Flib%2Fangular%2Fangular.js%3A21048%3A16%0Atrigger%40https%3A%2F%2Fovh.raybiztech.com%2Flib%2Fangular%2Fangular.js%3A2402%3A7%0AcreateEventHandler%2FeventHandler%2F%3C%40https%3A%2F%2Fovh.raybiztech.com%2Flib%2Fangular%2Fangular.js%3A2673%3A10%0AforEach%40https%3A%2F%2Fovh.raybiztech.com%2Flib%2Fangular%2Fangular.js%3A329%3A20%0AeventHandler%40https%3A%2F%2Fovh.raybiztech.com%2Flib%2Fangular%2Fangular.js%3A2672%3A12%0A
console.warn: LoginRecipes: "getRecipes: falling back to a synchronous message for:" "https://ovh.raybiztech.com"
console.warn: LoginRecipes: "getRecipes: falling back to a synchronous message for:" "https://ovh.raybiztech.com"
JavaScript error: resource://gre/modules/LoginManagerParent.jsm, line 136: TypeError: gRecipeManager is null
1649838023306	Marionette	INFO	Stopped listening on port 60328
[Parent 19992, IPC I/O Parent] WARNING: file /builds/worker/checkouts/gecko/ipc/chromium/src/base/process_util_win.cc:167
